{
  message: 'Database connected successfully',
  level: 'info',
  label: 'PH University',
  timestamp: '2023-06-05T07:01:20.408Z'
}
{
  message: 'Example app listening on port 5000',
  level: 'info',
  label: 'PH University',
  timestamp: '2023-06-05T07:01:20.431Z'
}
{
  message: 'Database connected successfully',
  level: 'info',
  label: 'PH University',
  timestamp: '2023-06-05T07:04:01.796Z'
}
{
  message: 'Example app listening on port 5000',
  level: 'info',
  label: 'PH University',
  timestamp: '2023-06-05T07:04:01.816Z'
}
{
  message: 'Database connected successfully',
  level: 'info',
  label: 'PH University',
  timestamp: '2023-06-05T07:05:11.518Z'
}
{
  message: 'Example app listening on port 5000',
  level: 'info',
  label: 'PH University',
  timestamp: '2023-06-05T07:05:11.540Z'
}
{
  message: 'Database connected successfully',
  level: 'info',
  label: 'PH University',
  timestamp: '2023-06-05T07:05:38.554Z'
}
{
  message: 'Example app listening on port 5000',
  level: 'info',
  label: 'PH University',
  timestamp: '2023-06-05T07:05:38.575Z'
}
{
  message: 'Database connected successfully',
  level: 'info',
  label: 'PH University',
  timestamp: '2023-06-05T07:06:54.531Z'
}
{
  message: 'Example app listening on port 5000',
  level: 'info',
  label: 'PH University',
  timestamp: '2023-06-05T07:06:54.552Z'
}
{
  message: 'Database connected successfully',
  level: 'info',
  label: 'PH University',
  timestamp: '2023-06-05T07:08:21.262Z'
}
{
  message: 'Example app listening on port 5000',
  level: 'info',
  label: 'PH University',
  timestamp: '2023-06-05T07:08:21.282Z'
}
{
  message: 'Database connected successfully',
  level: 'info',
  label: 'PH University',
  timestamp: '2023-06-05T07:09:27.412Z'
}
{
  message: 'Example app listening on port 5000',
  level: 'info',
  label: 'PH University',
  timestamp: '2023-06-05T07:09:27.431Z'
}
{
  message: 'Database connected successfully',
  level: 'info',
  label: 'PH University',
  timestamp: '2023-06-05T07:15:20.685Z'
}
{
  message: 'Example app listening on port 5000',
  level: 'info',
  label: 'PH University',
  timestamp: '2023-06-05T07:15:20.705Z'
}
{
  message: 'Database connected successfully',
  level: 'info',
  label: 'PH University',
  timestamp: '2023-06-05T07:15:44.850Z'
}
{
  message: 'Example app listening on port 5000',
  level: 'info',
  label: 'PH University',
  timestamp: '2023-06-05T07:15:44.870Z'
}
{
  message: 'Database connected successfully',
  level: 'info',
  label: 'PH University',
  timestamp: '2023-06-05T07:16:54.325Z'
}
{
  message: 'Example app listening on port 5000',
  level: 'info',
  label: 'PH University',
  timestamp: '2023-06-05T07:16:54.345Z'
}
{
  message: 'Database connected successfully',
  level: 'info',
  label: 'PH University',
  timestamp: '2023-06-05T07:17:33.701Z'
}
{
  message: 'Example app listening on port 5000',
  level: 'info',
  label: 'PH University',
  timestamp: '2023-06-05T07:17:33.717Z'
}
{
  message: 'Database connected successfully',
  level: 'info',
  label: 'PH University',
  timestamp: '2023-06-05T07:18:20.950Z'
}
{
  message: 'Example app listening on port 5000',
  level: 'info',
  label: 'PH University',
  timestamp: '2023-06-05T07:18:20.969Z'
}
{
  message: 'Database connected successfully',
  level: 'info',
  label: 'PH University',
  timestamp: '2023-06-05T07:19:10.263Z'
}
{
  message: 'Example app listening on port 5000',
  level: 'info',
  label: 'PH University',
  timestamp: '2023-06-05T07:19:10.285Z'
}
{
  message: 'Database connected successfully',
  level: 'info',
  label: 'PH University',
  timestamp: '2023-06-05T07:20:26.136Z'
}
{
  message: 'Example app listening on port 5000',
  level: 'info',
  label: 'PH University',
  timestamp: '2023-06-05T07:20:26.175Z'
}
{
  message: 'Database connected successfully',
  level: 'info',
  label: 'PH University',
  timestamp: '2023-06-05T07:20:39.571Z'
}
{
  message: 'Example app listening on port 5000',
  level: 'info',
  label: 'PH University',
  timestamp: '2023-06-05T07:20:39.585Z'
}
{
  message: 'Database connected successfully',
  level: 'info',
  label: 'PH University',
  timestamp: '2023-06-05T07:20:44.683Z'
}
{
  message: 'Example app listening on port 5000',
  level: 'info',
  label: 'PH University',
  timestamp: '2023-06-05T07:20:44.707Z'
}
{
  message: 'Database connected successfully',
  level: 'info',
  label: 'PH University',
  timestamp: '2023-06-05T07:21:25.940Z'
}
{
  message: 'Example app listening on port 5000',
  level: 'info',
  label: 'PH University',
  timestamp: '2023-06-05T07:21:25.964Z'
}
{
  message: 'Database connected successfully',
  level: 'info',
  label: 'PH University',
  timestamp: '2023-06-05T07:31:47.172Z'
}
{
  message: 'Example app listening on port 5000',
  level: 'info',
  label: 'PH University',
  timestamp: '2023-06-05T07:31:47.186Z'
}
{
  message: 'Database connected successfully',
  level: 'info',
  label: 'PH University',
  timestamp: '2023-06-05T07:32:03.011Z'
}
{
  message: 'Example app listening on port 5000',
  level: 'info',
  label: 'PH University',
  timestamp: '2023-06-05T07:32:03.033Z'
}
{
  message: 'Database connected successfully',
  level: 'info',
  label: 'PH University',
  timestamp: '2023-06-05T07:32:35.481Z'
}
{
  message: 'Example app listening on port 5000',
  level: 'info',
  label: 'PH University',
  timestamp: '2023-06-05T07:32:35.508Z'
}
{
  message: 'Database connected successfully',
  level: 'info',
  label: 'PH University',
  timestamp: '2023-06-05T07:33:31.496Z'
}
{
  message: 'Example app listening on port 5000',
  level: 'info',
  label: 'PH University',
  timestamp: '2023-06-05T07:33:31.533Z'
}
