{
  message: 'Database connected successfully',
  level: 'info',
  label: 'PH University',
  timestamp: '2023-06-04T15:09:37.679Z'
}
{
  message: 'Example app listening on port 5000',
  level: 'info',
  label: 'PH University',
  timestamp: '2023-06-04T15:09:37.705Z'
}
{
  message: 'Database connected successfully',
  level: 'info',
  label: 'PH University',
  timestamp: '2023-06-04T15:11:26.068Z'
}
{
  message: 'Example app listening on port 5000',
  level: 'info',
  label: 'PH University',
  timestamp: '2023-06-04T15:11:26.095Z'
}
{
  message: 'Database connected successfully',
  level: 'info',
  label: 'PH University',
  timestamp: '2023-06-04T15:15:14.460Z'
}
{
  message: 'Example app listening on port 5000',
  level: 'info',
  label: 'PH University',
  timestamp: '2023-06-04T15:15:14.480Z'
}
{
  message: 'Database connected successfully',
  level: 'info',
  label: 'PH University',
  timestamp: '2023-06-04T15:17:26.698Z'
}
{
  message: 'Example app listening on port 5000',
  level: 'info',
  label: 'PH University',
  timestamp: '2023-06-04T15:17:26.716Z'
}
{
  message: 'Database connected successfully',
  level: 'info',
  label: 'PH University',
  timestamp: '2023-06-04T15:17:34.284Z'
}
{
  message: 'Example app listening on port 5000',
  level: 'info',
  label: 'PH University',
  timestamp: '2023-06-04T15:17:34.300Z'
}
{
  message: 'Database connected successfully',
  level: 'info',
  label: 'PH University',
  timestamp: '2023-06-04T15:18:14.879Z'
}
{
  message: 'Example app listening on port 5000',
  level: 'info',
  label: 'PH University',
  timestamp: '2023-06-04T15:18:14.888Z'
}
{
  message: 'Database connected successfully',
  level: 'info',
  label: 'PH University',
  timestamp: '2023-06-04T15:18:27.856Z'
}
{
  message: 'Example app listening on port 5000',
  level: 'info',
  label: 'PH University',
  timestamp: '2023-06-04T15:18:27.869Z'
}
