{
  message: 'Database connected successfully',
  level: 'info',
  label: 'PH University',
  timestamp: '2023-06-08T17:03:27.635Z'
}
{
  message: 'Example app listening on port 5000',
  level: 'info',
  label: 'PH University',
  timestamp: '2023-06-08T17:03:27.667Z'
}
{
  message: 'Database connected successfully',
  level: 'info',
  label: 'PH University',
  timestamp: '2023-06-08T17:30:17.493Z'
}
{
  message: 'Example app listening on port 5000',
  level: 'info',
  label: 'PH University',
  timestamp: '2023-06-08T17:30:17.511Z'
}
{
  message: 'Database connected successfully',
  level: 'info',
  label: 'PH University',
  timestamp: '2023-06-08T17:32:11.557Z'
}
{
  message: 'Example app listening on port 5000',
  level: 'info',
  label: 'PH University',
  timestamp: '2023-06-08T17:32:11.577Z'
}
{
  message: 'Database connected successfully',
  level: 'info',
  label: 'PH University',
  timestamp: '2023-06-08T17:32:14.329Z'
}
{
  message: 'Example app listening on port 5000',
  level: 'info',
  label: 'PH University',
  timestamp: '2023-06-08T17:32:14.351Z'
}
{
  message: 'Database connected successfully',
  level: 'info',
  label: 'PH University',
  timestamp: '2023-06-08T17:34:37.150Z'
}
{
  message: 'Example app listening on port 5000',
  level: 'info',
  label: 'PH University',
  timestamp: '2023-06-08T17:34:37.172Z'
}
