{
  message: 'Database connected successfully',
  level: 'info',
  label: 'PH University',
  timestamp: '2023-06-11T17:04:14.830Z'
}
{
  message: 'Example app listening on port 5000',
  level: 'info',
  label: 'PH University',
  timestamp: '2023-06-11T17:04:14.840Z'
}
{
  message: 'Database connected successfully',
  level: 'info',
  label: 'PH University',
  timestamp: '2023-06-11T17:12:05.041Z'
}
{
  message: 'Example app listening on port 5000',
  level: 'info',
  label: 'PH University',
  timestamp: '2023-06-11T17:12:05.049Z'
}
{
  message: 'Database connected successfully',
  level: 'info',
  label: 'PH University',
  timestamp: '2023-06-11T17:13:07.514Z'
}
{
  message: 'Example app listening on port 5000',
  level: 'info',
  label: 'PH University',
  timestamp: '2023-06-11T17:13:07.524Z'
}
