{
  message: 'Database connected successfully',
  level: 'info',
  label: 'PH University',
  timestamp: '2023-06-10T17:01:34.498Z'
}
{
  message: 'Example app listening on port 5000',
  level: 'info',
  label: 'PH University',
  timestamp: '2023-06-10T17:01:34.507Z'
}
{
  message: 'Database connected successfully',
  level: 'info',
  label: 'PH University',
  timestamp: '2023-06-10T17:03:09.665Z'
}
{
  message: 'Example app listening on port 5000',
  level: 'info',
  label: 'PH University',
  timestamp: '2023-06-10T17:03:09.674Z'
}
{
  message: 'Database connected successfully',
  level: 'info',
  label: 'PH University',
  timestamp: '2023-06-10T17:03:22.369Z'
}
{
  message: 'Example app listening on port 5000',
  level: 'info',
  label: 'PH University',
  timestamp: '2023-06-10T17:03:22.378Z'
}
