{
  errno: undefined,
  code: 'ECONNREFUSED',
  syscall: 'querySrv',
  hostname: '_mongodb._tcp.cluster0.otylb.mongodb.net',
  level: 'error',
  message: 'Failed to connect to Database querySrv ECONNREFUSED _mongodb._tcp.cluster0.otylb.mongodb.net',
  stack: 'Error: querySrv ECONNREFUSED _mongodb._tcp.cluster0.otylb.mongodb.net\n' +
    '    at QueryReqWrap.onresolve [as oncomplete] (node:internal/dns/promises:251:17)',
  label: 'right meow!',
  timestamp: '2023-06-07T07:13:47.041Z'
}
{
  errno: undefined,
  code: 'ECONNREFUSED',
  syscall: 'querySrv',
  hostname: '_mongodb._tcp.cluster0.otylb.mongodb.net',
  level: 'error',
  message: 'Failed to connect to Database querySrv ECONNREFUSED _mongodb._tcp.cluster0.otylb.mongodb.net',
  stack: 'Error: querySrv ECONNREFUSED _mongodb._tcp.cluster0.otylb.mongodb.net\n' +
    '    at QueryReqWrap.onresolve [as oncomplete] (node:internal/dns/promises:251:17)',
  label: 'right meow!',
  timestamp: '2023-06-07T07:14:07.820Z'
}
{
  errno: undefined,
  code: 'ECONNREFUSED',
  syscall: 'querySrv',
  hostname: '_mongodb._tcp.cluster0.otylb.mongodb.net',
  level: 'error',
  message: 'Failed to connect to Database querySrv ECONNREFUSED _mongodb._tcp.cluster0.otylb.mongodb.net',
  stack: 'Error: querySrv ECONNREFUSED _mongodb._tcp.cluster0.otylb.mongodb.net\n' +
    '    at QueryReqWrap.onresolve [as oncomplete] (node:internal/dns/promises:251:17)',
  label: 'right meow!',
  timestamp: '2023-06-07T07:14:28.794Z'
}
{
  errno: undefined,
  code: 'ECONNREFUSED',
  syscall: 'querySrv',
  hostname: '_mongodb._tcp.cluster0.otylb.mongodb.net',
  level: 'error',
  message: 'Failed to connect to Database querySrv ECONNREFUSED _mongodb._tcp.cluster0.otylb.mongodb.net',
  stack: 'Error: querySrv ECONNREFUSED _mongodb._tcp.cluster0.otylb.mongodb.net\n' +
    '    at QueryReqWrap.onresolve [as oncomplete] (node:internal/dns/promises:251:17)',
  label: 'right meow!',
  timestamp: '2023-06-07T07:15:12.818Z'
}
{
  errno: undefined,
  code: 'ECONNREFUSED',
  syscall: 'querySrv',
  hostname: '_mongodb._tcp.cluster0.otylb.mongodb.net',
  level: 'error',
  message: 'Failed to connect to Database querySrv ECONNREFUSED _mongodb._tcp.cluster0.otylb.mongodb.net',
  stack: 'Error: querySrv ECONNREFUSED _mongodb._tcp.cluster0.otylb.mongodb.net\n' +
    '    at QueryReqWrap.onresolve [as oncomplete] (node:internal/dns/promises:251:17)',
  label: 'right meow!',
  timestamp: '2023-06-07T07:18:31.274Z'
}
